<?xml version="1.0" encoding="UTF-8"?>
<testsuite xmlns:xsi="http://www.w3.org/2001/XMLSchema-instance" xsi:noNamespaceSchemaLocation="https://maven.apache.org/surefire/maven-surefire-plugin/xsd/surefire-test-report-3.0.xsd" version="3.0" name="com.devsuperior.userdept.UserdeptApplicationTests" time="4.744" tests="1" errors="0" skipped="0" failures="0">
  <properties>
    <property name="java.specification.version" value="17"/>
    <property name="sun.jnu.encoding" value="UTF-8"/>
    <property name="java.class.path" value="/home/karla/Downloads/userdept/target/test-classes:/home/karla/Downloads/userdept/target/classes:/home/karla/.m2/repository/org/springframework/boot/spring-boot-starter-data-jpa/3.3.0-M3/spring-boot-starter-data-jpa-3.3.0-M3.jar:/home/karla/.m2/repository/org/springframework/boot/spring-boot-starter-aop/3.3.0-M3/spring-boot-starter-aop-3.3.0-M3.jar:/home/karla/.m2/repository/org/springframework/spring-aop/6.1.5/spring-aop-6.1.5.jar:/home/karla/.m2/repository/org/aspectj/aspectjweaver/1.9.21/aspectjweaver-1.9.21.jar:/home/karla/.m2/repository/org/springframework/boot/spring-boot-starter-jdbc/3.3.0-M3/spring-boot-starter-jdbc-3.3.0-M3.jar:/home/karla/.m2/repository/com/zaxxer/HikariCP/5.1.0/HikariCP-5.1.0.jar:/home/karla/.m2/repository/org/springframework/spring-jdbc/6.1.5/spring-jdbc-6.1.5.jar:/home/karla/.m2/repository/org/hibernate/orm/hibernate-core/6.4.4.Final/hibernate-core-6.4.4.Final.jar:/home/karla/.m2/repository/jakarta/persistence/jakarta.persistence-api/3.1.0/jakarta.persistence-api-3.1.0.jar:/home/karla/.m2/repository/jakarta/transaction/jakarta.transaction-api/2.0.1/jakarta.transaction-api-2.0.1.jar:/home/karla/.m2/repository/org/jboss/logging/jboss-logging/3.5.3.Final/jboss-logging-3.5.3.Final.jar:/home/karla/.m2/repository/org/hibernate/common/hibernate-commons-annotations/6.0.6.Final/hibernate-commons-annotations-6.0.6.Final.jar:/home/karla/.m2/repository/io/smallrye/jandex/3.1.2/jandex-3.1.2.jar:/home/karla/.m2/repository/com/fasterxml/classmate/1.7.0/classmate-1.7.0.jar:/home/karla/.m2/repository/net/bytebuddy/byte-buddy/1.14.12/byte-buddy-1.14.12.jar:/home/karla/.m2/repository/org/glassfish/jaxb/jaxb-runtime/4.0.5/jaxb-runtime-4.0.5.jar:/home/karla/.m2/repository/org/glassfish/jaxb/jaxb-core/4.0.5/jaxb-core-4.0.5.jar:/home/karla/.m2/repository/org/eclipse/angus/angus-activation/2.0.2/angus-activation-2.0.2.jar:/home/karla/.m2/repository/org/glassfish/jaxb/txw2/4.0.5/txw2-4.0.5.jar:/home/karla/.m2/repository/com/sun/istack/istack-commons-runtime/4.1.2/istack-commons-runtime-4.1.2.jar:/home/karla/.m2/repository/jakarta/inject/jakarta.inject-api/2.0.1/jakarta.inject-api-2.0.1.jar:/home/karla/.m2/repository/org/antlr/antlr4-runtime/4.13.0/antlr4-runtime-4.13.0.jar:/home/karla/.m2/repository/org/springframework/data/spring-data-jpa/3.3.0-M2/spring-data-jpa-3.3.0-M2.jar:/home/karla/.m2/repository/org/springframework/data/spring-data-commons/3.3.0-M2/spring-data-commons-3.3.0-M2.jar:/home/karla/.m2/repository/org/springframework/spring-orm/6.1.5/spring-orm-6.1.5.jar:/home/karla/.m2/repository/org/springframework/spring-context/6.1.5/spring-context-6.1.5.jar:/home/karla/.m2/repository/org/springframework/spring-tx/6.1.5/spring-tx-6.1.5.jar:/home/karla/.m2/repository/org/springframework/spring-beans/6.1.5/spring-beans-6.1.5.jar:/home/karla/.m2/repository/jakarta/annotation/jakarta.annotation-api/2.1.1/jakarta.annotation-api-2.1.1.jar:/home/karla/.m2/repository/org/slf4j/slf4j-api/2.0.12/slf4j-api-2.0.12.jar:/home/karla/.m2/repository/org/springframework/spring-aspects/6.1.5/spring-aspects-6.1.5.jar:/home/karla/.m2/repository/org/springframework/boot/spring-boot-starter-web/3.3.0-M3/spring-boot-starter-web-3.3.0-M3.jar:/home/karla/.m2/repository/org/springframework/boot/spring-boot-starter/3.3.0-M3/spring-boot-starter-3.3.0-M3.jar:/home/karla/.m2/repository/org/springframework/boot/spring-boot/3.3.0-M3/spring-boot-3.3.0-M3.jar:/home/karla/.m2/repository/org/springframework/boot/spring-boot-autoconfigure/3.3.0-M3/spring-boot-autoconfigure-3.3.0-M3.jar:/home/karla/.m2/repository/org/springframework/boot/spring-boot-starter-logging/3.3.0-M3/spring-boot-starter-logging-3.3.0-M3.jar:/home/karla/.m2/repository/ch/qos/logback/logback-classic/1.4.14/logback-classic-1.4.14.jar:/home/karla/.m2/repository/ch/qos/logback/logback-core/1.4.14/logback-core-1.4.14.jar:/home/karla/.m2/repository/org/apache/logging/log4j/log4j-to-slf4j/2.23.1/log4j-to-slf4j-2.23.1.jar:/home/karla/.m2/repository/org/apache/logging/log4j/log4j-api/2.23.1/log4j-api-2.23.1.jar:/home/karla/.m2/repository/org/slf4j/jul-to-slf4j/2.0.12/jul-to-slf4j-2.0.12.jar:/home/karla/.m2/repository/org/yaml/snakeyaml/2.2/snakeyaml-2.2.jar:/home/karla/.m2/repository/org/springframework/boot/spring-boot-starter-json/3.3.0-M3/spring-boot-starter-json-3.3.0-M3.jar:/home/karla/.m2/repository/com/fasterxml/jackson/core/jackson-databind/2.17.0/jackson-databind-2.17.0.jar:/home/karla/.m2/repository/com/fasterxml/jackson/core/jackson-annotations/2.17.0/jackson-annotations-2.17.0.jar:/home/karla/.m2/repository/com/fasterxml/jackson/core/jackson-core/2.17.0/jackson-core-2.17.0.jar:/home/karla/.m2/repository/com/fasterxml/jackson/datatype/jackson-datatype-jdk8/2.17.0/jackson-datatype-jdk8-2.17.0.jar:/home/karla/.m2/repository/com/fasterxml/jackson/datatype/jackson-datatype-jsr310/2.17.0/jackson-datatype-jsr310-2.17.0.jar:/home/karla/.m2/repository/com/fasterxml/jackson/module/jackson-module-parameter-names/2.17.0/jackson-module-parameter-names-2.17.0.jar:/home/karla/.m2/repository/org/springframework/boot/spring-boot-starter-tomcat/3.3.0-M3/spring-boot-starter-tomcat-3.3.0-M3.jar:/home/karla/.m2/repository/org/apache/tomcat/embed/tomcat-embed-core/10.1.19/tomcat-embed-core-10.1.19.jar:/home/karla/.m2/repository/org/apache/tomcat/embed/tomcat-embed-el/10.1.19/tomcat-embed-el-10.1.19.jar:/home/karla/.m2/repository/org/apache/tomcat/embed/tomcat-embed-websocket/10.1.19/tomcat-embed-websocket-10.1.19.jar:/home/karla/.m2/repository/org/springframework/spring-web/6.1.5/spring-web-6.1.5.jar:/home/karla/.m2/repository/io/micrometer/micrometer-observation/1.13.0-M2/micrometer-observation-1.13.0-M2.jar:/home/karla/.m2/repository/io/micrometer/micrometer-commons/1.13.0-M2/micrometer-commons-1.13.0-M2.jar:/home/karla/.m2/repository/org/springframework/spring-webmvc/6.1.5/spring-webmvc-6.1.5.jar:/home/karla/.m2/repository/org/springframework/spring-expression/6.1.5/spring-expression-6.1.5.jar:/home/karla/.m2/repository/com/h2database/h2/2.2.224/h2-2.2.224.jar:/home/karla/.m2/repository/org/springframework/boot/spring-boot-starter-test/3.3.0-M3/spring-boot-starter-test-3.3.0-M3.jar:/home/karla/.m2/repository/org/springframework/boot/spring-boot-test/3.3.0-M3/spring-boot-test-3.3.0-M3.jar:/home/karla/.m2/repository/org/springframework/boot/spring-boot-test-autoconfigure/3.3.0-M3/spring-boot-test-autoconfigure-3.3.0-M3.jar:/home/karla/.m2/repository/com/jayway/jsonpath/json-path/2.9.0/json-path-2.9.0.jar:/home/karla/.m2/repository/jakarta/xml/bind/jakarta.xml.bind-api/4.0.2/jakarta.xml.bind-api-4.0.2.jar:/home/karla/.m2/repository/jakarta/activation/jakarta.activation-api/2.1.3/jakarta.activation-api-2.1.3.jar:/home/karla/.m2/repository/net/minidev/json-smart/2.5.0/json-smart-2.5.0.jar:/home/karla/.m2/repository/net/minidev/accessors-smart/2.5.0/accessors-smart-2.5.0.jar:/home/karla/.m2/repository/org/ow2/asm/asm/9.3/asm-9.3.jar:/home/karla/.m2/repository/org/assertj/assertj-core/3.25.3/assertj-core-3.25.3.jar:/home/karla/.m2/repository/org/awaitility/awaitility/4.2.0/awaitility-4.2.0.jar:/home/karla/.m2/repository/org/hamcrest/hamcrest/2.2/hamcrest-2.2.jar:/home/karla/.m2/repository/org/junit/jupiter/junit-jupiter/5.10.2/junit-jupiter-5.10.2.jar:/home/karla/.m2/repository/org/junit/jupiter/junit-jupiter-api/5.10.2/junit-jupiter-api-5.10.2.jar:/home/karla/.m2/repository/org/opentest4j/opentest4j/1.3.0/opentest4j-1.3.0.jar:/home/karla/.m2/repository/org/junit/platform/junit-platform-commons/1.10.2/junit-platform-commons-1.10.2.jar:/home/karla/.m2/repository/org/apiguardian/apiguardian-api/1.1.2/apiguardian-api-1.1.2.jar:/home/karla/.m2/repository/org/junit/jupiter/junit-jupiter-params/5.10.2/junit-jupiter-params-5.10.2.jar:/home/karla/.m2/repository/org/junit/jupiter/junit-jupiter-engine/5.10.2/junit-jupiter-engine-5.10.2.jar:/home/karla/.m2/repository/org/junit/platform/junit-platform-engine/1.10.2/junit-platform-engine-1.10.2.jar:/home/karla/.m2/repository/org/mockito/mockito-core/5.11.0/mockito-core-5.11.0.jar:/home/karla/.m2/repository/net/bytebuddy/byte-buddy-agent/1.14.12/byte-buddy-agent-1.14.12.jar:/home/karla/.m2/repository/org/objenesis/objenesis/3.3/objenesis-3.3.jar:/home/karla/.m2/repository/org/mockito/mockito-junit-jupiter/5.11.0/mockito-junit-jupiter-5.11.0.jar:/home/karla/.m2/repository/org/skyscreamer/jsonassert/1.5.1/jsonassert-1.5.1.jar:/home/karla/.m2/repository/com/vaadin/external/google/android-json/0.0.20131108.vaadin1/android-json-0.0.20131108.vaadin1.jar:/home/karla/.m2/repository/org/springframework/spring-core/6.1.5/spring-core-6.1.5.jar:/home/karla/.m2/repository/org/springframework/spring-jcl/6.1.5/spring-jcl-6.1.5.jar:/home/karla/.m2/repository/org/springframework/spring-test/6.1.5/spring-test-6.1.5.jar:/home/karla/.m2/repository/org/xmlunit/xmlunit-core/2.9.1/xmlunit-core-2.9.1.jar:"/>
    <property name="java.vm.vendor" value="Eclipse Adoptium"/>
    <property name="sun.arch.data.model" value="64"/>
    <property name="java.vendor.url" value="https://adoptium.net/"/>
    <property name="user.timezone" value="America/Belem"/>
    <property name="org.jboss.logging.provider" value="slf4j"/>
    <property name="os.name" value="Linux"/>
    <property name="java.vm.specification.version" value="17"/>
    <property name="sun.java.launcher" value="SUN_STANDARD"/>
    <property name="user.country" value="BR"/>
    <property name="sun.boot.library.path" value="/snap/eclipse/87/plugins/org.eclipse.justj.openjdk.hotspot.jre.full.linux.x86_64_17.0.10.v20240120-1143/jre/lib"/>
    <property name="sun.java.command" value="/home/karla/Downloads/userdept/target/surefire/surefirebooter-20240401211155554_3.jar /home/karla/Downloads/userdept/target/surefire 2024-04-01T21-11-53_103-jvmRun1 surefire-20240401211155554_1tmp surefire_0-20240401211155554_2tmp"/>
    <property name="jdk.debug" value="release"/>
    <property name="surefire.test.class.path" value="/home/karla/Downloads/userdept/target/test-classes:/home/karla/Downloads/userdept/target/classes:/home/karla/.m2/repository/org/springframework/boot/spring-boot-starter-data-jpa/3.3.0-M3/spring-boot-starter-data-jpa-3.3.0-M3.jar:/home/karla/.m2/repository/org/springframework/boot/spring-boot-starter-aop/3.3.0-M3/spring-boot-starter-aop-3.3.0-M3.jar:/home/karla/.m2/repository/org/springframework/spring-aop/6.1.5/spring-aop-6.1.5.jar:/home/karla/.m2/repository/org/aspectj/aspectjweaver/1.9.21/aspectjweaver-1.9.21.jar:/home/karla/.m2/repository/org/springframework/boot/spring-boot-starter-jdbc/3.3.0-M3/spring-boot-starter-jdbc-3.3.0-M3.jar:/home/karla/.m2/repository/com/zaxxer/HikariCP/5.1.0/HikariCP-5.1.0.jar:/home/karla/.m2/repository/org/springframework/spring-jdbc/6.1.5/spring-jdbc-6.1.5.jar:/home/karla/.m2/repository/org/hibernate/orm/hibernate-core/6.4.4.Final/hibernate-core-6.4.4.Final.jar:/home/karla/.m2/repository/jakarta/persistence/jakarta.persistence-api/3.1.0/jakarta.persistence-api-3.1.0.jar:/home/karla/.m2/repository/jakarta/transaction/jakarta.transaction-api/2.0.1/jakarta.transaction-api-2.0.1.jar:/home/karla/.m2/repository/org/jboss/logging/jboss-logging/3.5.3.Final/jboss-logging-3.5.3.Final.jar:/home/karla/.m2/repository/org/hibernate/common/hibernate-commons-annotations/6.0.6.Final/hibernate-commons-annotations-6.0.6.Final.jar:/home/karla/.m2/repository/io/smallrye/jandex/3.1.2/jandex-3.1.2.jar:/home/karla/.m2/repository/com/fasterxml/classmate/1.7.0/classmate-1.7.0.jar:/home/karla/.m2/repository/net/bytebuddy/byte-buddy/1.14.12/byte-buddy-1.14.12.jar:/home/karla/.m2/repository/org/glassfish/jaxb/jaxb-runtime/4.0.5/jaxb-runtime-4.0.5.jar:/home/karla/.m2/repository/org/glassfish/jaxb/jaxb-core/4.0.5/jaxb-core-4.0.5.jar:/home/karla/.m2/repository/org/eclipse/angus/angus-activation/2.0.2/angus-activation-2.0.2.jar:/home/karla/.m2/repository/org/glassfish/jaxb/txw2/4.0.5/txw2-4.0.5.jar:/home/karla/.m2/repository/com/sun/istack/istack-commons-runtime/4.1.2/istack-commons-runtime-4.1.2.jar:/home/karla/.m2/repository/jakarta/inject/jakarta.inject-api/2.0.1/jakarta.inject-api-2.0.1.jar:/home/karla/.m2/repository/org/antlr/antlr4-runtime/4.13.0/antlr4-runtime-4.13.0.jar:/home/karla/.m2/repository/org/springframework/data/spring-data-jpa/3.3.0-M2/spring-data-jpa-3.3.0-M2.jar:/home/karla/.m2/repository/org/springframework/data/spring-data-commons/3.3.0-M2/spring-data-commons-3.3.0-M2.jar:/home/karla/.m2/repository/org/springframework/spring-orm/6.1.5/spring-orm-6.1.5.jar:/home/karla/.m2/repository/org/springframework/spring-context/6.1.5/spring-context-6.1.5.jar:/home/karla/.m2/repository/org/springframework/spring-tx/6.1.5/spring-tx-6.1.5.jar:/home/karla/.m2/repository/org/springframework/spring-beans/6.1.5/spring-beans-6.1.5.jar:/home/karla/.m2/repository/jakarta/annotation/jakarta.annotation-api/2.1.1/jakarta.annotation-api-2.1.1.jar:/home/karla/.m2/repository/org/slf4j/slf4j-api/2.0.12/slf4j-api-2.0.12.jar:/home/karla/.m2/repository/org/springframework/spring-aspects/6.1.5/spring-aspects-6.1.5.jar:/home/karla/.m2/repository/org/springframework/boot/spring-boot-starter-web/3.3.0-M3/spring-boot-starter-web-3.3.0-M3.jar:/home/karla/.m2/repository/org/springframework/boot/spring-boot-starter/3.3.0-M3/spring-boot-starter-3.3.0-M3.jar:/home/karla/.m2/repository/org/springframework/boot/spring-boot/3.3.0-M3/spring-boot-3.3.0-M3.jar:/home/karla/.m2/repository/org/springframework/boot/spring-boot-autoconfigure/3.3.0-M3/spring-boot-autoconfigure-3.3.0-M3.jar:/home/karla/.m2/repository/org/springframework/boot/spring-boot-starter-logging/3.3.0-M3/spring-boot-starter-logging-3.3.0-M3.jar:/home/karla/.m2/repository/ch/qos/logback/logback-classic/1.4.14/logback-classic-1.4.14.jar:/home/karla/.m2/repository/ch/qos/logback/logback-core/1.4.14/logback-core-1.4.14.jar:/home/karla/.m2/repository/org/apache/logging/log4j/log4j-to-slf4j/2.23.1/log4j-to-slf4j-2.23.1.jar:/home/karla/.m2/repository/org/apache/logging/log4j/log4j-api/2.23.1/log4j-api-2.23.1.jar:/home/karla/.m2/repository/org/slf4j/jul-to-slf4j/2.0.12/jul-to-slf4j-2.0.12.jar:/home/karla/.m2/repository/org/yaml/snakeyaml/2.2/snakeyaml-2.2.jar:/home/karla/.m2/repository/org/springframework/boot/spring-boot-starter-json/3.3.0-M3/spring-boot-starter-json-3.3.0-M3.jar:/home/karla/.m2/repository/com/fasterxml/jackson/core/jackson-databind/2.17.0/jackson-databind-2.17.0.jar:/home/karla/.m2/repository/com/fasterxml/jackson/core/jackson-annotations/2.17.0/jackson-annotations-2.17.0.jar:/home/karla/.m2/repository/com/fasterxml/jackson/core/jackson-core/2.17.0/jackson-core-2.17.0.jar:/home/karla/.m2/repository/com/fasterxml/jackson/datatype/jackson-datatype-jdk8/2.17.0/jackson-datatype-jdk8-2.17.0.jar:/home/karla/.m2/repository/com/fasterxml/jackson/datatype/jackson-datatype-jsr310/2.17.0/jackson-datatype-jsr310-2.17.0.jar:/home/karla/.m2/repository/com/fasterxml/jackson/module/jackson-module-parameter-names/2.17.0/jackson-module-parameter-names-2.17.0.jar:/home/karla/.m2/repository/org/springframework/boot/spring-boot-starter-tomcat/3.3.0-M3/spring-boot-starter-tomcat-3.3.0-M3.jar:/home/karla/.m2/repository/org/apache/tomcat/embed/tomcat-embed-core/10.1.19/tomcat-embed-core-10.1.19.jar:/home/karla/.m2/repository/org/apache/tomcat/embed/tomcat-embed-el/10.1.19/tomcat-embed-el-10.1.19.jar:/home/karla/.m2/repository/org/apache/tomcat/embed/tomcat-embed-websocket/10.1.19/tomcat-embed-websocket-10.1.19.jar:/home/karla/.m2/repository/org/springframework/spring-web/6.1.5/spring-web-6.1.5.jar:/home/karla/.m2/repository/io/micrometer/micrometer-observation/1.13.0-M2/micrometer-observation-1.13.0-M2.jar:/home/karla/.m2/repository/io/micrometer/micrometer-commons/1.13.0-M2/micrometer-commons-1.13.0-M2.jar:/home/karla/.m2/repository/org/springframework/spring-webmvc/6.1.5/spring-webmvc-6.1.5.jar:/home/karla/.m2/repository/org/springframework/spring-expression/6.1.5/spring-expression-6.1.5.jar:/home/karla/.m2/repository/com/h2database/h2/2.2.224/h2-2.2.224.jar:/home/karla/.m2/repository/org/springframework/boot/spring-boot-starter-test/3.3.0-M3/spring-boot-starter-test-3.3.0-M3.jar:/home/karla/.m2/repository/org/springframework/boot/spring-boot-test/3.3.0-M3/spring-boot-test-3.3.0-M3.jar:/home/karla/.m2/repository/org/springframework/boot/spring-boot-test-autoconfigure/3.3.0-M3/spring-boot-test-autoconfigure-3.3.0-M3.jar:/home/karla/.m2/repository/com/jayway/jsonpath/json-path/2.9.0/json-path-2.9.0.jar:/home/karla/.m2/repository/jakarta/xml/bind/jakarta.xml.bind-api/4.0.2/jakarta.xml.bind-api-4.0.2.jar:/home/karla/.m2/repository/jakarta/activation/jakarta.activation-api/2.1.3/jakarta.activation-api-2.1.3.jar:/home/karla/.m2/repository/net/minidev/json-smart/2.5.0/json-smart-2.5.0.jar:/home/karla/.m2/repository/net/minidev/accessors-smart/2.5.0/accessors-smart-2.5.0.jar:/home/karla/.m2/repository/org/ow2/asm/asm/9.3/asm-9.3.jar:/home/karla/.m2/repository/org/assertj/assertj-core/3.25.3/assertj-core-3.25.3.jar:/home/karla/.m2/repository/org/awaitility/awaitility/4.2.0/awaitility-4.2.0.jar:/home/karla/.m2/repository/org/hamcrest/hamcrest/2.2/hamcrest-2.2.jar:/home/karla/.m2/repository/org/junit/jupiter/junit-jupiter/5.10.2/junit-jupiter-5.10.2.jar:/home/karla/.m2/repository/org/junit/jupiter/junit-jupiter-api/5.10.2/junit-jupiter-api-5.10.2.jar:/home/karla/.m2/repository/org/opentest4j/opentest4j/1.3.0/opentest4j-1.3.0.jar:/home/karla/.m2/repository/org/junit/platform/junit-platform-commons/1.10.2/junit-platform-commons-1.10.2.jar:/home/karla/.m2/repository/org/apiguardian/apiguardian-api/1.1.2/apiguardian-api-1.1.2.jar:/home/karla/.m2/repository/org/junit/jupiter/junit-jupiter-params/5.10.2/junit-jupiter-params-5.10.2.jar:/home/karla/.m2/repository/org/junit/jupiter/junit-jupiter-engine/5.10.2/junit-jupiter-engine-5.10.2.jar:/home/karla/.m2/repository/org/junit/platform/junit-platform-engine/1.10.2/junit-platform-engine-1.10.2.jar:/home/karla/.m2/repository/org/mockito/mockito-core/5.11.0/mockito-core-5.11.0.jar:/home/karla/.m2/repository/net/bytebuddy/byte-buddy-agent/1.14.12/byte-buddy-agent-1.14.12.jar:/home/karla/.m2/repository/org/objenesis/objenesis/3.3/objenesis-3.3.jar:/home/karla/.m2/repository/org/mockito/mockito-junit-jupiter/5.11.0/mockito-junit-jupiter-5.11.0.jar:/home/karla/.m2/repository/org/skyscreamer/jsonassert/1.5.1/jsonassert-1.5.1.jar:/home/karla/.m2/repository/com/vaadin/external/google/android-json/0.0.20131108.vaadin1/android-json-0.0.20131108.vaadin1.jar:/home/karla/.m2/repository/org/springframework/spring-core/6.1.5/spring-core-6.1.5.jar:/home/karla/.m2/repository/org/springframework/spring-jcl/6.1.5/spring-jcl-6.1.5.jar:/home/karla/.m2/repository/org/springframework/spring-test/6.1.5/spring-test-6.1.5.jar:/home/karla/.m2/repository/org/xmlunit/xmlunit-core/2.9.1/xmlunit-core-2.9.1.jar:"/>
    <property name="sun.cpu.endian" value="little"/>
    <property name="user.home" value="/home/karla"/>
    <property name="user.language" value="pt"/>
    <property name="java.specification.vendor" value="Oracle Corporation"/>
    <property name="java.version.date" value="2024-01-16"/>
    <property name="java.home" value="/snap/eclipse/87/plugins/org.eclipse.justj.openjdk.hotspot.jre.full.linux.x86_64_17.0.10.v20240120-1143/jre"/>
    <property name="file.separator" value="/"/>
    <property name="style.color" value="always"/>
    <property name="basedir" value="/home/karla/Downloads/userdept"/>
    <property name="java.vm.compressedOopsMode" value="32-bit"/>
    <property name="line.separator" value="&#10;"/>
    <property name="java.specification.name" value="Java Platform API Specification"/>
    <property name="java.vm.specification.vendor" value="Oracle Corporation"/>
    <property name="FILE_LOG_CHARSET" value="UTF-8"/>
    <property name="java.awt.headless" value="true"/>
    <property name="surefire.real.class.path" value="/home/karla/Downloads/userdept/target/surefire/surefirebooter-20240401211155554_3.jar"/>
    <property name="sun.management.compiler" value="HotSpot 64-Bit Tiered Compilers"/>
    <property name="java.runtime.version" value="17.0.10+7"/>
    <property name="user.name" value="karla"/>
    <property name="path.separator" value=":"/>
    <property name="os.version" value="6.5.0-26-generic"/>
    <property name="java.runtime.name" value="OpenJDK Runtime Environment"/>
    <property name="file.encoding" value="UTF-8"/>
    <property name="java.vm.name" value="OpenJDK 64-Bit Server VM"/>
    <property name="java.vendor.version" value="Temurin-17.0.10+7"/>
    <property name="localRepository" value="/home/karla/.m2/repository"/>
    <property name="java.vendor.url.bug" value="https://github.com/adoptium/adoptium-support/issues"/>
    <property name="java.io.tmpdir" value="/tmp"/>
    <property name="com.zaxxer.hikari.pool_number" value="1"/>
    <property name="java.version" value="17.0.10"/>
    <property name="user.dir" value="/home/karla/Downloads/userdept"/>
    <property name="os.arch" value="amd64"/>
    <property name="java.vm.specification.name" value="Java Virtual Machine Specification"/>
    <property name="PID" value="12928"/>
    <property name="CONSOLE_LOG_CHARSET" value="UTF-8"/>
    <property name="native.encoding" value="UTF-8"/>
    <property name="java.library.path" value="/usr/java/packages/lib:/usr/lib64:/lib64:/lib:/usr/lib"/>
    <property name="java.vm.info" value="mixed mode"/>
    <property name="java.vendor" value="Eclipse Adoptium"/>
    <property name="java.vm.version" value="17.0.10+7"/>
    <property name="sun.io.unicode.encoding" value="UnicodeLittle"/>
    <property name="java.class.version" value="61.0"/>
  </properties>
  <testcase name="contextLoads" classname="com.devsuperior.userdept.UserdeptApplicationTests" time="0.692">
    <system-out><![CDATA[21:11:56.457 [main] INFO org.springframework.test.context.support.AnnotationConfigContextLoaderUtils -- Could not detect default configuration classes for test class [com.devsuperior.userdept.UserdeptApplicationTests]: UserdeptApplicationTests does not declare any static, non-private, non-final, nested classes annotated with @Configuration.
21:11:56.574 [main] INFO org.springframework.boot.test.context.SpringBootTestContextBootstrapper -- Found @SpringBootConfiguration com.devsuperior.userdept.UserdeptApplication for test class com.devsuperior.userdept.UserdeptApplicationTests
  .   ____          _            __ _ _
 /\\ / ___'_ __ _ _(_)_ __  __ _ \ \ \ \
( ( )\___ | '_ | '_| | '_ \/ _` | \ \ \ \
 \\/  ___)| |_)| | | | | || (_| |  ) ) ) )
  '  |____| .__|_| |_|_| |_\__, | / / / /
 =========|_|==============|___/=/_/_/_/

 :: Spring Boot ::             (v3.3.0-M3)

2024-04-01T21:11:57.026-03:00  INFO 12928 --- [           main] c.d.userdept.UserdeptApplicationTests    : Starting UserdeptApplicationTests using Java 17.0.10 with PID 12928 (started by karla in /home/karla/Downloads/userdept)
2024-04-01T21:11:57.028-03:00  INFO 12928 --- [           main] c.d.userdept.UserdeptApplicationTests    : No active profile set, falling back to 1 default profile: "default"
2024-04-01T21:11:57.631-03:00  INFO 12928 --- [           main] .s.d.r.c.RepositoryConfigurationDelegate : Bootstrapping Spring Data JPA repositories in DEFAULT mode.
2024-04-01T21:11:57.648-03:00  INFO 12928 --- [           main] .s.d.r.c.RepositoryConfigurationDelegate : Finished Spring Data repository scanning in 10 ms. Found 0 JPA repository interfaces.
2024-04-01T21:11:58.093-03:00  INFO 12928 --- [           main] com.zaxxer.hikari.HikariDataSource       : HikariPool-1 - Starting...
2024-04-01T21:11:58.295-03:00  INFO 12928 --- [           main] com.zaxxer.hikari.pool.HikariPool        : HikariPool-1 - Added connection conn0: url=jdbc:h2:mem:testdb user=SA
2024-04-01T21:11:58.296-03:00  INFO 12928 --- [           main] com.zaxxer.hikari.HikariDataSource       : HikariPool-1 - Start completed.
2024-04-01T21:11:58.359-03:00  INFO 12928 --- [           main] o.hibernate.jpa.internal.util.LogHelper  : HHH000204: Processing PersistenceUnitInfo [name: default]
2024-04-01T21:11:58.415-03:00  INFO 12928 --- [           main] org.hibernate.Version                    : HHH000412: Hibernate ORM core version 6.4.4.Final
2024-04-01T21:11:58.456-03:00  INFO 12928 --- [           main] o.h.c.internal.RegionFactoryInitiator    : HHH000026: Second-level cache disabled
2024-04-01T21:11:58.691-03:00  INFO 12928 --- [           main] o.s.o.j.p.SpringPersistenceUnitInfo      : No LoadTimeWeaver setup: ignoring JPA class transformer
2024-04-01T21:11:59.559-03:00  INFO 12928 --- [           main] o.h.e.t.j.p.i.JtaPlatformInitiator       : HHH000489: No JTA platform available (set 'hibernate.transaction.jta.platform' to enable JTA platform integration)
Hibernate: drop table if exists tb_department cascade 
Hibernate: drop table if exists tb_user cascade 
Hibernate: create table tb_department (id bigint generated by default as identity, name varchar(255), primary key (id))
Hibernate: create table tb_user (department_id bigint, id bigint generated by default as identity, email varchar(255), name varchar(255), primary key (id))
Hibernate: alter table if exists tb_user add constraint FKk05pfkuxp9jsie8074d304v7m foreign key (department_id) references tb_department
2024-04-01T21:11:59.608-03:00  INFO 12928 --- [           main] j.LocalContainerEntityManagerFactoryBean : Initialized JPA EntityManagerFactory for persistence unit 'default'
2024-04-01T21:11:59.776-03:00  WARN 12928 --- [           main] JpaBaseConfiguration$JpaWebConfiguration : spring.jpa.open-in-view is enabled by default. Therefore, database queries may be performed during view rendering. Explicitly configure spring.jpa.open-in-view to disable this warning
2024-04-01T21:12:00.198-03:00  INFO 12928 --- [           main] o.s.b.a.h2.H2ConsoleAutoConfiguration    : H2 console available at '/h2-console'. Database available at 'jdbc:h2:mem:testdb'
2024-04-01T21:12:00.270-03:00  INFO 12928 --- [           main] c.d.userdept.UserdeptApplicationTests    : Started UserdeptApplicationTests in 3.533 seconds (process running for 4.673)
]]></system-out>
  </testcase>
</testsuite>